mode: count
BinaryDiagnostic/bit_calculations.go:5.77,7.20 2 39
BinaryDiagnostic/bit_calculations.go:7.20,9.3 1 20
BinaryDiagnostic/bit_calculations.go:9.8,11.3 1 19
BinaryDiagnostic/bit_calculations.go:14.79,15.30 1 39
BinaryDiagnostic/bit_calculations.go:22.2,22.8 1 39
BinaryDiagnostic/bit_calculations.go:15.30,16.29 1 12092
BinaryDiagnostic/bit_calculations.go:16.29,18.4 1 6025
BinaryDiagnostic/bit_calculations.go:18.9,18.36 1 6067
BinaryDiagnostic/bit_calculations.go:18.36,20.4 1 6067
BinaryDiagnostic/bit_calculations.go:25.44,27.16 2 11
BinaryDiagnostic/bit_calculations.go:30.2,30.19 1 11
BinaryDiagnostic/bit_calculations.go:27.16,28.21 1 0
BinaryDiagnostic/bit_calculations.go:32.81,34.35 2 6
BinaryDiagnostic/bit_calculations.go:40.2,40.8 1 6
BinaryDiagnostic/bit_calculations.go:34.35,36.53 2 3
BinaryDiagnostic/bit_calculations.go:36.53,38.4 1 6
BinaryDiagnostic/bit_calculations.go:43.47,44.24 1 6
BinaryDiagnostic/bit_calculations.go:51.2,51.8 1 6
BinaryDiagnostic/bit_calculations.go:44.24,45.23 1 44
BinaryDiagnostic/bit_calculations.go:45.23,47.4 1 24
BinaryDiagnostic/bit_calculations.go:47.9,47.30 1 20
BinaryDiagnostic/bit_calculations.go:47.30,49.4 1 20
BinaryDiagnostic/common_bit_counter.go:7.46,8.22 1 6
BinaryDiagnostic/common_bit_counter.go:12.2,15.35 3 5
BinaryDiagnostic/common_bit_counter.go:19.2,19.38 1 5
BinaryDiagnostic/common_bit_counter.go:8.22,10.3 1 1
BinaryDiagnostic/common_bit_counter.go:15.35,17.3 1 39
BinaryDiagnostic/common_bit_counter.go:22.72,27.2 4 6
